Построение начато 20.10.2015 0:34:50.
     1>Проект "d:\документы\visual studio 2010\Projects\algo1\algo1\algo1.vcxproj" в узле 2 (целевые объекты build).
     1>InitializeBuildStatus:
         Создание "Debug\algo1.unsuccessfulbuild", так как было задано "AlwaysCreate".
       ClCompile:
         C:\Program Files (x86)\Microsoft Visual Studio 10.0\VC\bin\CL.exe /c /ZI /nologo /W3 /WX- /Od /Oy- /D _MBCS /Gm /EHsc /RTC1 /MDd /GS /fp:precise /Zc:wchar_t /Zc:forScope /Fo"Debug\\" /Fd"Debug\vc100.pdb" /Gd /TP /analyze- /errorReport:prompt main.cpp
         main.cpp
     1>d:\документы\visual studio 2010\projects\algo1\algo1\main.cpp(35): warning C4018: <: несоответствие типов со знаком и без знака
       Link:
         C:\Program Files (x86)\Microsoft Visual Studio 10.0\VC\bin\link.exe /ERRORREPORT:PROMPT /OUT:"d:\документы\visual studio 2010\Projects\algo1\Debug\algo1.exe" /NOLOGO kernel32.lib user32.lib gdi32.lib winspool.lib comdlg32.lib advapi32.lib shell32.lib ole32.lib oleaut32.lib uuid.lib odbc32.lib odbccp32.lib /MANIFEST /ManifestFile:"Debug\algo1.exe.intermediate.manifest" /MANIFESTUAC:"level='asInvoker' uiAccess='false'" /DEBUG /PDB:"d:\документы\visual studio 2010\Projects\algo1\Debug\algo1.pdb" /TLBID:1 /DYNAMICBASE /NXCOMPAT /IMPLIB:"d:\документы\visual studio 2010\Projects\algo1\Debug\algo1.lib" /MACHINE:X86 Debug\main.obj
         LINK : не найден или не выполнена сборка d:\документы\visual studio 2010\Projects\algo1\Debug\algo1.exe при последней инкрементной компоновке; выполняется полная компоновка
         algo1.vcxproj -> d:\документы\visual studio 2010\Projects\algo1\Debug\algo1.exe
       Manifest:
         C:\Program Files (x86)\Microsoft SDKs\Windows\v7.0A\bin\mt.exe /nologo /verbose /outputresource:"d:\документы\visual studio 2010\Projects\algo1\Debug\algo1.exe;#1" /manifest Debug\algo1.exe.intermediate.manifest
       FinalizeBuildStatus:
         Файл "Debug\algo1.unsuccessfulbuild" удаляется.
         Обращение к "Debug\algo1.lastbuildstate".
     1>Построение проекта "d:\документы\visual studio 2010\Projects\algo1\algo1\algo1.vcxproj" завершено (целевые объекты build).

Построение успешно завершено.

Затраченное время: 00:00:01.50
