Построение начато 27.04.2016 20:22:48.
     1>Проект "d:\документы\visual studio 2010\Projects\al1\al1\al1.vcxproj" в узле 2 (целевые объекты build).
     1>PrepareForBuild:
         Создание каталога "d:\документы\visual studio 2010\Projects\al1\Debug\".
       InitializeBuildStatus:
         Создание "Debug\al1.unsuccessfulbuild", так как было задано "AlwaysCreate".
       ClCompile:
         C:\Program Files (x86)\Microsoft Visual Studio 10.0\VC\bin\CL.exe /c /ZI /nologo /W3 /WX- /Od /Oy- /D WIN32 /D _DEBUG /D _CONSOLE /D _UNICODE /D UNICODE /Gm /EHsc /RTC1 /MDd /GS /fp:precise /Zc:wchar_t /Zc:forScope /Fo"Debug\\" /Fd"Debug\vc100.pdb" /Gd /TP /analyze- /errorReport:prompt nain.cpp
         nain.cpp
     1>d:\документы\visual studio 2010\projects\al1\al1\nain.cpp(38): warning C4018: <: несоответствие типов со знаком и без знака
       ManifestResourceCompile:
         C:\Program Files (x86)\Microsoft SDKs\Windows\v7.0A\bin\rc.exe /nologo /fo"Debug\al1.exe.embed.manifest.res" Debug\al1_manifest.rc 
       Link:
         C:\Program Files (x86)\Microsoft Visual Studio 10.0\VC\bin\link.exe /ERRORREPORT:PROMPT /OUT:"d:\документы\visual studio 2010\Projects\al1\Debug\al1.exe" /INCREMENTAL /NOLOGO kernel32.lib user32.lib gdi32.lib winspool.lib comdlg32.lib advapi32.lib shell32.lib ole32.lib oleaut32.lib uuid.lib odbc32.lib odbccp32.lib /MANIFEST /ManifestFile:"Debug\al1.exe.intermediate.manifest" /MANIFESTUAC:"level='asInvoker' uiAccess='false'" /DEBUG /PDB:"d:\документы\visual studio 2010\Projects\al1\Debug\al1.pdb" /SUBSYSTEM:CONSOLE /TLBID:1 /DYNAMICBASE /NXCOMPAT /IMPLIB:"d:\документы\visual studio 2010\Projects\al1\Debug\al1.lib" /MACHINE:X86 Debug\al1.exe.embed.manifest.res
         Debug\nain.obj
       Manifest:
         C:\Program Files (x86)\Microsoft SDKs\Windows\v7.0A\bin\mt.exe /nologo /verbose /out:"Debug\al1.exe.embed.manifest" /manifest Debug\al1.exe.intermediate.manifest
         C:\Program Files (x86)\Microsoft SDKs\Windows\v7.0A\bin\rc.exe /nologo /fo"Debug\al1.exe.embed.manifest.res" Debug\al1_manifest.rc 
       LinkEmbedManifest:
         C:\Program Files (x86)\Microsoft Visual Studio 10.0\VC\bin\link.exe /ERRORREPORT:PROMPT /OUT:"d:\документы\visual studio 2010\Projects\al1\Debug\al1.exe" /INCREMENTAL /NOLOGO kernel32.lib user32.lib gdi32.lib winspool.lib comdlg32.lib advapi32.lib shell32.lib ole32.lib oleaut32.lib uuid.lib odbc32.lib odbccp32.lib /MANIFEST /ManifestFile:"Debug\al1.exe.intermediate.manifest" /MANIFESTUAC:"level='asInvoker' uiAccess='false'" /DEBUG /PDB:"d:\документы\visual studio 2010\Projects\al1\Debug\al1.pdb" /SUBSYSTEM:CONSOLE /TLBID:1 /DYNAMICBASE /NXCOMPAT /IMPLIB:"d:\документы\visual studio 2010\Projects\al1\Debug\al1.lib" /MACHINE:X86 Debug\al1.exe.embed.manifest.res
         Debug\nain.obj
         al1.vcxproj -> d:\документы\visual studio 2010\Projects\al1\Debug\al1.exe
       FinalizeBuildStatus:
         Файл "Debug\al1.unsuccessfulbuild" удаляется.
         Обращение к "Debug\al1.lastbuildstate".
     1>Построение проекта "d:\документы\visual studio 2010\Projects\al1\al1\al1.vcxproj" завершено (целевые объекты build).

Построение успешно завершено.

Затраченное время: 00:00:05.89
